[LOG] System::create                           : Header version = 1.10.02. Current version = 1.10.02.
[LOG] SystemI::setOutputInternal               : Setting output to type 0
[LOG] Manager::init                            : maxchannels = 1024 studioflags = 00000009 flags 00000000 extradriverdata 0000000000000000.
[LOG] SystemI::init                            : FMOD Studio Version: 00011002 (92217)
[LOG] SystemI::init                            : maxchannels = 1024, flags = 00030000, extradriverdata = 0000000000000000
[LOG] SystemI::setOutputInternal               : Setting output to type 8
[LOG] SystemI::setOutputInternal               : Setting output to type 8
[LOG] SystemI::setOutputInternal               : Setting output to type 8
[LOG] OutputWASAPI::init                       : Mix Format (WAVEFORMATEX): wFormatTag=0xFFFE, nChannels=8, nSamplesPerSec=48000, nAvgBytesPerSec=1536000, nBlockAlign=32, wBitsPerSample=32, cbSize=22.
[LOG] OutputWASAPI::init                       : Mix Format (WAVEFORMATEXTENSIBLE): wValidBitsPerSample=32, dwChannelMask=0x0000063F, SubFormat=00000003-0000-0010-8000-00AA00389B71.
[LOG] OutputWASAPI::init                       : Output buffer size: 4096 samples, latency: 0.00ms, period: 10.00ms, DSP buffer: 1024 * 4
[LOG] SystemI::init                            : Create master channel group and master sound group.
[LOG] DownMix::init                            : dspbuffersize: 1024  rate: 48000. output speaker mode: 7, input speaker mode 3
[LOG] DownMix::init                            : done.
[LOG] SystemI::init                            : Set up emulated output.  1024 channels
[LOG] SystemI::init                            : create the channel pool
[LOG] SystemI::init                            : create the stream thread
[LOG] Thread::initThread                       : Init FMOD stream thread. Priority: 2, Stack Size: 65536, Semaphore: No, Sleep Time: 10, Looping: Yes.
[LOG] SystemI::DSPCodecPoolRegister            : register codec pool for pool type 5
[LOG] Thread::initThread                       : Init FMOD mixer thread. Priority: 3, Stack Size: 49152, Semaphore: No, Sleep Time: 0, Looping: Yes.
[LOG] AsyncManager::init                       : manager 000000005931A028 isAsync 1 updatePeriod 0.02
[LOG] Thread::initThread                       : Init FMOD Studio update thread. Priority: 0, Stack Size: 65536, Semaphore: No, Sleep Time: 1, Looping: No.
[LOG] AsyncManager::init                       : done
[LOG] PlaybackSystem::init                     : 
[LOG] Thread::initThread                       : Init FMOD Studio sample load thread. Priority: 0, Stack Size: 65536, Semaphore: No, Sleep Time: 1, Looping: No.
[LOG] PlaybackSystem::init                     : done
[LOG] LiveUpdate::init                         : 
[LOG] Thread::initThread                       : Init FMOD Studio bank load thread. Priority: 0, Stack Size: 65536, Semaphore: No, Sleep Time: 1, Looping: No.
[LOG] Manager::init                            : done.
[LOG] Profile::init                            : Profiler listening on port: 9264
[LOG] Manager::readBank                        : fileversion = 99, compatVersion = 99 (oldest = 44, newest = 99)
[LOG] Manager::readBank                        : fileversion = 99, compatVersion = 99 (oldest = 44, newest = 99)
[LOG] PlaybackSystem::acquireMasterBus         : Setting master channel group format to 6
[LOG] Manager::readBank                        : fileversion = 99, compatVersion = 99 (oldest = 44, newest = 99)
[LOG] Manager::readBank                        : fileversion = 99, compatVersion = 99 (oldest = 44, newest = 99)
[ERR] assert                                   : assertion: 'listener >= 0 && listener < numlisteners' failed
[ERR] assert                                   : assertion: 'listener >= 0 && listener < numlisteners' failed
[LOG] SystemI::createSoundInternal             : filename =  : mode 02000202
[LOG] SystemI::createSoundInternal             : exinfo->cbsize             = 232
[LOG] SystemI::createSoundInternal             : exinfo->length             = 42048
[LOG] SystemI::createSoundInternal             : exinfo->fileoffset         = 8320
[LOG] SystemI::createSoundInternal             : exinfo->numsubsounds       = 1
[LOG] SystemI::createSoundInternal             : exinfo->inclusionlist      = 00000000541AF5FC
[LOG] SystemI::createSoundInternal             : exinfo->inclusionlistnum   = 1
[LOG] SystemI::createSoundInternal             : exinfo->suggestedsoundtype = 5
[LOG] SystemI::createSoundInternal             : exinfo->useropen           = 00007FFE57024F00
[LOG] SystemI::createSoundInternal             : exinfo->userclose          = 00007FFE57024ED0
[LOG] SystemI::createSoundInternal             : exinfo->userread           = 00007FFE57024FD0
[LOG] SystemI::createSoundInternal             : exinfo->userseek           = 00007FFE57025080
[LOG] SystemI::createSoundInternal             : exinfo->fileuserdata       = 000000005896CCD8
[LOG] SystemI::createSoundInternal             : exinfo->initialseekpostype = 1
[LOG] SystemI::DSPCodecPoolRegister            : register codec pool for pool type 5
[LOG] SystemI::createSoundInternal             : Format has 1 subsounds.
[LOG] SystemI::createSoundInternal             : Create as FMOD_CREATESAMPLE
[LOG] SystemI::createSoundInternal             : Multi-sample sound (1 subsounds), create a sample container.
[LOG] SystemI::createSoundInternal             : creating subsound 0/1
[LOG] SystemI::createSample                    : mode 02000202 length 2456 samples, lengthbytes 2688
[LOG] SystemI::createSample                    : channels = 2
[LOG] SystemI::createSample                    : output = 000000006F705478
[LOG] OutputSoftware::createSample             : lengthpcm 2456, lengthbytes 2688, channels 2, format 2, freq 48000, mode 0200020a
[LOG] SystemI::createSoundInternal             : No name found in file, use filename.
[LOG] SystemI::createSoundInternal             : done.  OpenState now = FMOD_OPENSTATE_READY.

[LOG] SystemI::createSoundInternal             : filename =  : mode 02000202
[LOG] SystemI::createSoundInternal             : exinfo->cbsize             = 232
[LOG] SystemI::createSoundInternal             : exinfo->length             = 42048
[LOG] SystemI::createSoundInternal             : exinfo->fileoffset         = 8320
[LOG] SystemI::createSoundInternal             : exinfo->numsubsounds       = 1
[LOG] SystemI::createSoundInternal             : exinfo->inclusionlist      = 00000000541AF5FC
[LOG] SystemI::createSoundInternal             : exinfo->inclusionlistnum   = 1
[LOG] SystemI::createSoundInternal             : exinfo->suggestedsoundtype = 5
[LOG] SystemI::createSoundInternal             : exinfo->useropen           = 00007FFE57024F00
[LOG] SystemI::createSoundInternal             : exinfo->userclose          = 00007FFE57024ED0
[LOG] SystemI::createSoundInternal             : exinfo->userread           = 00007FFE57024FD0
[LOG] SystemI::createSoundInternal             : exinfo->userseek           = 00007FFE57025080
[LOG] SystemI::createSoundInternal             : exinfo->fileuserdata       = 000000005896CCD8
[LOG] SystemI::createSoundInternal             : exinfo->initialseekpostype = 1
[LOG] SystemI::DSPCodecPoolRegister            : register codec pool for pool type 5
[LOG] SystemI::createSoundInternal             : Format has 1 subsounds.
[LOG] SystemI::createSoundInternal             : Create as FMOD_CREATESAMPLE
[LOG] SystemI::createSoundInternal             : Multi-sample sound (1 subsounds), create a sample container.
[LOG] SystemI::createSoundInternal             : creating subsound 0/1
[LOG] SystemI::createSample                    : mode 02000202 length 2456 samples, lengthbytes 2432
[LOG] SystemI::createSample                    : channels = 2
[LOG] SystemI::createSample                    : output = 000000006F705478
[LOG] OutputSoftware::createSample             : lengthpcm 2456, lengthbytes 2432, channels 2, format 2, freq 48000, mode 0200020a
[LOG] SystemI::createSoundInternal             : No name found in file, use filename.
[LOG] SystemI::createSoundInternal             : done.  OpenState now = FMOD_OPENSTATE_READY.

[LOG] SystemI::createSoundInternal             : filename =  : mode 02000202
[LOG] SystemI::createSoundInternal             : exinfo->cbsize             = 232
[LOG] SystemI::createSoundInternal             : exinfo->length             = 42048
[LOG] SystemI::createSoundInternal             : exinfo->fileoffset         = 8320
[LOG] SystemI::createSoundInternal             : exinfo->numsubsounds       = 1
[LOG] SystemI::createSoundInternal             : exinfo->inclusionlist      = 00000000541AF5FC
[LOG] SystemI::createSoundInternal             : exinfo->inclusionlistnum   = 1
[LOG] SystemI::createSoundInternal             : exinfo->suggestedsoundtype = 5
[LOG] SystemI::createSoundInternal             : exinfo->useropen           = 00007FFE57024F00
[LOG] SystemI::createSoundInternal             : exinfo->userclose          = 00007FFE57024ED0
[LOG] SystemI::createSoundInternal             : exinfo->userread           = 00007FFE57024FD0
[LOG] SystemI::createSoundInternal             : exinfo->userseek           = 00007FFE57025080
[LOG] SystemI::createSoundInternal             : exinfo->fileuserdata       = 000000005896CCD8
[LOG] SystemI::createSoundInternal             : exinfo->initialseekpostype = 1
[LOG] SystemI::DSPCodecPoolRegister            : register codec pool for pool type 5
[LOG] SystemI::createSoundInternal             : Format has 1 subsounds.
[LOG] SystemI::createSoundInternal             : Create as FMOD_CREATESAMPLE
[LOG] SystemI::createSoundInternal             : Multi-sample sound (1 subsounds), create a sample container.
[LOG] SystemI::createSoundInternal             : creating subsound 0/1
[LOG] SystemI::createSample                    : mode 02000202 length 2807 samples, lengthbytes 2816
[LOG] SystemI::createSample                    : channels = 2
[LOG] SystemI::createSample                    : output = 000000006F705478
[LOG] OutputSoftware::createSample             : lengthpcm 2807, lengthbytes 2816, channels 2, format 2, freq 48000, mode 0200020a
[LOG] SystemI::createSoundInternal             : No name found in file, use filename.
[LOG] SystemI::createSoundInternal             : done.  OpenState now = FMOD_OPENSTATE_READY.

[LOG] SystemI::createSoundInternal             : filename =  : mode 02000202
[LOG] SystemI::createSoundInternal             : exinfo->cbsize             = 232
[LOG] SystemI::createSoundInternal             : exinfo->length             = 42048
[LOG] SystemI::createSoundInternal             : exinfo->fileoffset         = 8320
[LOG] SystemI::createSoundInternal             : exinfo->numsubsounds       = 1
[LOG] SystemI::createSoundInternal             : exinfo->inclusionlist      = 00000000541AF5FC
[LOG] SystemI::createSoundInternal             : exinfo->inclusionlistnum   = 1
[LOG] SystemI::createSoundInternal             : exinfo->suggestedsoundtype = 5
[LOG] SystemI::createSoundInternal             : exinfo->useropen           = 00007FFE57024F00
[LOG] SystemI::createSoundInternal             : exinfo->userclose          = 00007FFE57024ED0
[LOG] SystemI::createSoundInternal             : exinfo->userread           = 00007FFE57024FD0
[LOG] SystemI::createSoundInternal             : exinfo->userseek           = 00007FFE57025080
[LOG] SystemI::createSoundInternal             : exinfo->fileuserdata       = 000000005896CCD8
[LOG] SystemI::createSoundInternal             : exinfo->initialseekpostype = 1
[LOG] SystemI::DSPCodecPoolRegister            : register codec pool for pool type 5
[LOG] SystemI::createSoundInternal             : Format has 1 subsounds.
[LOG] SystemI::createSoundInternal             : Create as FMOD_CREATESAMPLE
[LOG] SystemI::createSoundInternal             : Multi-sample sound (1 subsounds), create a sample container.
[LOG] SystemI::createSoundInternal             : creating subsound 0/1
[LOG] SystemI::createSample                    : mode 02000202 length 3684 samples, lengthbytes 2976
[LOG] SystemI::createSample                    : channels = 2
[LOG] SystemI::createSample                    : output = 000000006F705478
[LOG] OutputSoftware::createSample             : lengthpcm 3684, lengthbytes 2976, channels 2, format 2, freq 48000, mode 0200020a
[LOG] SystemI::createSoundInternal             : No name found in file, use filename.
[LOG] SystemI::createSoundInternal             : done.  OpenState now = FMOD_OPENSTATE_READY.

[LOG] SystemI::createSoundInternal             : filename =  : mode 02000202
[LOG] SystemI::createSoundInternal             : exinfo->cbsize             = 232
[LOG] SystemI::createSoundInternal             : exinfo->length             = 42048
[LOG] SystemI::createSoundInternal             : exinfo->fileoffset         = 8320
[LOG] SystemI::createSoundInternal             : exinfo->numsubsounds       = 1
[LOG] SystemI::createSoundInternal             : exinfo->inclusionlist      = 00000000541AF5FC
[LOG] SystemI::createSoundInternal             : exinfo->inclusionlistnum   = 1
[LOG] SystemI::createSoundInternal             : exinfo->suggestedsoundtype = 5
[LOG] SystemI::createSoundInternal             : exinfo->useropen           = 00007FFE57024F00
[LOG] SystemI::createSoundInternal             : exinfo->userclose          = 00007FFE57024ED0
[LOG] SystemI::createSoundInternal             : exinfo->userread           = 00007FFE57024FD0
[LOG] SystemI::createSoundInternal             : exinfo->userseek           = 00007FFE57025080
[LOG] SystemI::createSoundInternal             : exinfo->fileuserdata       = 000000005896CCD8
[LOG] SystemI::createSoundInternal             : exinfo->initialseekpostype = 1
[LOG] SystemI::DSPCodecPoolRegister            : register codec pool for pool type 5
[LOG] SystemI::createSoundInternal             : Format has 1 subsounds.
[LOG] SystemI::createSoundInternal             : Create as FMOD_CREATESAMPLE
[LOG] SystemI::createSoundInternal             : Multi-sample sound (1 subsounds), create a sample container.
[LOG] SystemI::createSoundInternal             : creating subsound 0/1
[LOG] SystemI::createSample                    : mode 02000202 length 2329 samples, lengthbytes 2752
[LOG] SystemI::createSample                    : channels = 2
[LOG] SystemI::createSample                    : output = 000000006F705478
[LOG] OutputSoftware::createSample             : lengthpcm 2329, lengthbytes 2752, channels 2, format 2, freq 48000, mode 0200020a
[LOG] SystemI::createSoundInternal             : No name found in file, use filename.
[LOG] SystemI::createSoundInternal             : done.  OpenState now = FMOD_OPENSTATE_READY.

[LOG] SystemI::createSoundInternal             : filename =  : mode 02000202
[LOG] SystemI::createSoundInternal             : exinfo->cbsize             = 232
[LOG] SystemI::createSoundInternal             : exinfo->length             = 42048
[LOG] SystemI::createSoundInternal             : exinfo->fileoffset         = 8320
[LOG] SystemI::createSoundInternal             : exinfo->numsubsounds       = 1
[LOG] SystemI::createSoundInternal             : exinfo->inclusionlist      = 00000000541AF5FC
[LOG] SystemI::createSoundInternal             : exinfo->inclusionlistnum   = 1
[LOG] SystemI::createSoundInternal             : exinfo->suggestedsoundtype = 5
[LOG] SystemI::createSoundInternal             : exinfo->useropen           = 00007FFE57024F00
[LOG] SystemI::createSoundInternal             : exinfo->userclose          = 00007FFE57024ED0
[LOG] SystemI::createSoundInternal             : exinfo->userread           = 00007FFE57024FD0
[LOG] SystemI::createSoundInternal             : exinfo->userseek           = 00007FFE57025080
[LOG] SystemI::createSoundInternal             : exinfo->fileuserdata       = 000000005896CCD8
[LOG] SystemI::createSoundInternal             : exinfo->initialseekpostype = 1
[LOG] SystemI::DSPCodecPoolRegister            : register codec pool for pool type 5
[LOG] SystemI::createSoundInternal             : Format has 1 subsounds.
[LOG] SystemI::createSoundInternal             : Create as FMOD_CREATESAMPLE
[LOG] SystemI::createSoundInternal             : Multi-sample sound (1 subsounds), create a sample container.
[LOG] SystemI::createSoundInternal             : creating subsound 0/1
[LOG] SystemI::createSample                    : mode 02000202 length 4035 samples, lengthbytes 3136
[LOG] SystemI::createSample                    : channels = 2
[LOG] SystemI::createSample                    : output = 000000006F705478
[LOG] OutputSoftware::createSample             : lengthpcm 4035, lengthbytes 3136, channels 2, format 2, freq 48000, mode 0200020a
[LOG] SystemI::createSoundInternal             : No name found in file, use filename.
[LOG] SystemI::createSoundInternal             : done.  OpenState now = FMOD_OPENSTATE_READY.

[LOG] SystemI::createSoundInternal             : filename =  : mode 02000202
[LOG] SystemI::createSoundInternal             : exinfo->cbsize             = 232
[LOG] SystemI::createSoundInternal             : exinfo->length             = 42048
[LOG] SystemI::createSoundInternal             : exinfo->fileoffset         = 8320
[LOG] SystemI::createSoundInternal             : exinfo->numsubsounds       = 1
[LOG] SystemI::createSoundInternal             : exinfo->inclusionlist      = 00000000541AF5FC
[LOG] SystemI::createSoundInternal             : exinfo->inclusionlistnum   = 1
[LOG] SystemI::createSoundInternal             : exinfo->suggestedsoundtype = 5
[LOG] SystemI::createSoundInternal             : exinfo->useropen           = 00007FFE57024F00
[LOG] SystemI::createSoundInternal             : exinfo->userclose          = 00007FFE57024ED0
[LOG] SystemI::createSoundInternal             : exinfo->userread           = 00007FFE57024FD0
[LOG] SystemI::createSoundInternal             : exinfo->userseek           = 00007FFE57025080
[LOG] SystemI::createSoundInternal             : exinfo->fileuserdata       = 000000005896CCD8
[LOG] SystemI::createSoundInternal             : exinfo->initialseekpostype = 1
[LOG] SystemI::DSPCodecPoolRegister            : register codec pool for pool type 5
[LOG] SystemI::createSoundInternal             : Format has 1 subsounds.
[LOG] SystemI::createSoundInternal             : Create as FMOD_CREATESAMPLE
[LOG] SystemI::createSoundInternal             : Multi-sample sound (1 subsounds), create a sample container.
[LOG] SystemI::createSoundInternal             : creating subsound 0/1
[LOG] SystemI::createSample                    : mode 02000202 length 2456 samples, lengthbytes 2208
[LOG] SystemI::createSample                    : channels = 2
[LOG] SystemI::createSample                    : output = 000000006F705478
[LOG] OutputSoftware::createSample             : lengthpcm 2456, lengthbytes 2208, channels 2, format 2, freq 48000, mode 0200020a
[LOG] SystemI::createSoundInternal             : No name found in file, use filename.
[LOG] SystemI::createSoundInternal             : done.  OpenState now = FMOD_OPENSTATE_READY.

[LOG] SystemI::createSoundInternal             : filename =  : mode 02000202
[LOG] SystemI::createSoundInternal             : exinfo->cbsize             = 232
[LOG] SystemI::createSoundInternal             : exinfo->length             = 42048
[LOG] SystemI::createSoundInternal             : exinfo->fileoffset         = 8320
[LOG] SystemI::createSoundInternal             : exinfo->numsubsounds       = 1
[LOG] SystemI::createSoundInternal             : exinfo->inclusionlist      = 00000000541AF5FC
[LOG] SystemI::createSoundInternal             : exinfo->inclusionlistnum   = 1
[LOG] SystemI::createSoundInternal             : exinfo->suggestedsoundtype = 5
[LOG] SystemI::createSoundInternal             : exinfo->useropen           = 00007FFE57024F00
[LOG] SystemI::createSoundInternal             : exinfo->userclose          = 00007FFE57024ED0
[LOG] SystemI::createSoundInternal             : exinfo->userread           = 00007FFE57024FD0
[LOG] SystemI::createSoundInternal             : exinfo->userseek           = 00007FFE57025080
[LOG] SystemI::createSoundInternal             : exinfo->fileuserdata       = 000000005896CCD8
[LOG] SystemI::createSoundInternal             : exinfo->initialseekpostype = 1
[LOG] SystemI::DSPCodecPoolRegister            : register codec pool for pool type 5
[LOG] SystemI::createSoundInternal             : Format has 1 subsounds.
[LOG] SystemI::createSoundInternal             : Create as FMOD_CREATESAMPLE
[LOG] SystemI::createSoundInternal             : Multi-sample sound (1 subsounds), create a sample container.
[LOG] SystemI::createSoundInternal             : creating subsound 0/1
[LOG] SystemI::createSample                    : mode 02000202 length 3071 samples, lengthbytes 2560
[LOG] SystemI::createSample                    : channels = 2
[LOG] SystemI::createSample                    : output = 000000006F705478
[LOG] OutputSoftware::createSample             : lengthpcm 3071, lengthbytes 2560, channels 2, format 2, freq 48000, mode 0200020a
[LOG] SystemI::createSoundInternal             : No name found in file, use filename.
[LOG] SystemI::createSoundInternal             : done.  OpenState now = FMOD_OPENSTATE_READY.

[LOG] SoundI::release                          :  (00000000597FCB88)
[LOG] SoundI::release                          : release subsounds. (00000000597FCB88)
[LOG] SoundI::release                          :     StepsNew-09 (00000000475C99A8)
[LOG] SoundI::release                          :     done
[LOG] SoundI::release                          : release codec. (00000000597FCB88)
[LOG] SoundI::release                          : done
[LOG] SoundI::release                          :  (00000000597FDE38)
[LOG] SoundI::release                          : release subsounds. (00000000597FDE38)
[LOG] SoundI::release                          :     StepsNew-10 (00000000475C8FE8)
[LOG] SoundI::release                          :     done
[LOG] SoundI::release                          : release codec. (00000000597FDE38)
[LOG] SoundI::release                          : done
[LOG] SoundI::release                          :  (00000000597FD9E8)
[LOG] SoundI::release                          : release subsounds. (00000000597FD9E8)
[LOG] SoundI::release                          :     StepsNew-11 (000000005981E098)
[LOG] SoundI::release                          :     done
[LOG] SoundI::release                          : release codec. (00000000597FD9E8)
[LOG] SoundI::release                          : done
[LOG] SoundI::release                          :  (00000000597FCA18)
[LOG] SoundI::release                          : release subsounds. (00000000597FCA18)
[LOG] SoundI::release                          :     StepsNew-12 (00000000475C9188)
[LOG] SoundI::release                          :     done
[LOG] SoundI::release                          : release codec. (00000000597FCA18)
[LOG] SoundI::release                          : done
[LOG] SoundI::release                          :  (00000000597FC8A8)
[LOG] SoundI::release                          : release subsounds. (00000000597FC8A8)
[LOG] SoundI::release                          :     StepsNew-13 (00000000475C9808)
[LOG] SoundI::release                          :     done
[LOG] SoundI::release                          : release codec. (00000000597FC8A8)
[LOG] SoundI::release                          : done
[LOG] SoundI::release                          :  (00000000597FC458)
[LOG] SoundI::release                          : release subsounds. (00000000597FC458)
[LOG] SoundI::release                          :     StepsNew-14 (00000000475C8B08)
[LOG] SoundI::release                          :     done
[LOG] SoundI::release                          : release codec. (00000000597FC458)
[LOG] SoundI::release                          : done
[LOG] SoundI::release                          :  (00000000597FD878)
[LOG] SoundI::release                          : release subsounds. (00000000597FD878)
[LOG] SoundI::release                          :     StepsNew-15 (000000005981D1F8)
[LOG] SoundI::release                          :     done
[LOG] SoundI::release                          : release codec. (00000000597FD878)
[LOG] SoundI::release                          : done
[LOG] SoundI::release                          :  (00000000597FCCF8)
[LOG] SoundI::release                          : release subsounds. (00000000597FCCF8)
[LOG] SoundI::release                          :     StepsNew-16 (000000005981C9D8)
[LOG] SoundI::release                          :     done
[LOG] SoundI::release                          : release codec. (00000000597FCCF8)
[LOG] SoundI::release                          : done
[LOG] Thread::callback                         : FMOD Studio update thread finished.
[LOG] Thread::callback                         : FMOD Studio bank load thread finished.
[LOG] Profile::disconnectAll                   : Profiler disconnecting all clients
[LOG] Thread::callback                         : FMOD Studio sample load thread finished.
[LOG] LiveUpdate::release                      : 
[LOG] LiveUpdate::reset                        : Reset connection (reason Disconnected)
[LOG] SystemI::close                           : 
[LOG] SystemI::close                           : Stop all sounds
[LOG] Thread::callback                         : FMOD stream thread finished.
[LOG] SystemI::close                           : Stream thread destroyed
[LOG] Thread::callback                         : FMOD mixer thread finished.
[LOG] Profile::disconnectAll                   : Profiler disconnecting all clients
[LOG] SystemI::close                           : Free master channel group.
[LOG] SystemI::close                           : Remove 'master' sound group.
[LOG] SystemI::close                           : Free software output.
[LOG] SystemI::close                           : Free emulated output.
[LOG] SystemI::close                           : Free channel pool.
[LOG] SystemI::close                           : done.

